2026-03-06T12:20:49.164+05:00  INFO 28148 --- [BookShelf] [main] c.alobek.bookshelf.BookShelfApplication  : Starting BookShelfApplication using Java 17.0.16 with PID 28148 (/Users/alobekm4/Downloads/bookshelf-api/target/classes started by alobekm4 in /Users/alobekm4/Downloads/bookshelf-api)
2026-03-06T12:20:49.177+05:00 DEBUG 28148 --- [BookShelf] [main] c.alobek.bookshelf.BookShelfApplication  : Running with Spring Boot v4.0.1, Spring v7.0.2
2026-03-06T12:20:49.178+05:00  INFO 28148 --- [BookShelf] [main] c.alobek.bookshelf.BookShelfApplication  : The following 1 profile is active: "local"
2026-03-06T12:20:49.966+05:00  INFO 28148 --- [BookShelf] [main] .s.d.r.c.RepositoryConfigurationDelegate : Bootstrapping Spring Data JPA repositories in DEFAULT mode.
2026-03-06T12:20:50.001+05:00  INFO 28148 --- [BookShelf] [main] .s.d.r.c.RepositoryConfigurationDelegate : Finished Spring Data repository scanning in 30 ms. Found 6 JPA repository interfaces.
2026-03-06T12:20:50.328+05:00  INFO 28148 --- [BookShelf] [main] o.s.boot.tomcat.TomcatWebServer          : Tomcat initialized with port 8080 (http)
2026-03-06T12:20:50.336+05:00  INFO 28148 --- [BookShelf] [main] o.apache.catalina.core.StandardService   : Starting service [Tomcat]
2026-03-06T12:20:50.336+05:00  INFO 28148 --- [BookShelf] [main] o.apache.catalina.core.StandardEngine    : Starting Servlet engine: [Apache Tomcat/11.0.15]
2026-03-06T12:20:50.369+05:00  INFO 28148 --- [BookShelf] [main] b.w.c.s.WebApplicationContextInitializer : Root WebApplicationContext: initialization completed in 1147 ms
2026-03-06T12:20:50.433+05:00  INFO 28148 --- [BookShelf] [main] org.hibernate.orm.jpa                    : HHH008540: Processing PersistenceUnitInfo [name: default]
2026-03-06T12:20:50.467+05:00  INFO 28148 --- [BookShelf] [main] org.hibernate.orm.core                   : HHH000001: Hibernate ORM core version 7.2.0.Final
2026-03-06T12:20:50.707+05:00  INFO 28148 --- [BookShelf] [main] o.s.o.j.p.SpringPersistenceUnitInfo      : No LoadTimeWeaver setup: ignoring JPA class transformer
2026-03-06T12:20:50.726+05:00  INFO 28148 --- [BookShelf] [main] com.zaxxer.hikari.HikariDataSource       : HikariPool-1 - Starting...
2026-03-06T12:20:50.800+05:00  INFO 28148 --- [BookShelf] [main] com.zaxxer.hikari.pool.HikariPool        : HikariPool-1 - Added connection org.postgresql.jdbc.PgConnection@2833c093
2026-03-06T12:20:50.800+05:00  INFO 28148 --- [BookShelf] [main] com.zaxxer.hikari.HikariDataSource       : HikariPool-1 - Start completed.
2026-03-06T12:20:50.841+05:00  INFO 28148 --- [BookShelf] [main] org.hibernate.orm.connections.pooling    : HHH10001005: Database info:
	Database JDBC URL [jdbc:postgresql://localhost:5432/DB_BookShelf]
	Database driver: PostgreSQL JDBC Driver
	Database dialect: PostgreSQLDialect
	Database version: 14.19
	Default catalog/schema: DB_BookShelf/public
	Autocommit mode: undefined/unknown
	Isolation level: READ_COMMITTED [default READ_COMMITTED]
	JDBC fetch size: none
	Pool: DataSourceConnectionProvider
	Minimum pool size: undefined/unknown
	Maximum pool size: undefined/unknown
2026-03-06T12:20:51.407+05:00  INFO 28148 --- [BookShelf] [main] org.hibernate.orm.core                   : HHH000489: No JTA platform available (set 'hibernate.transaction.jta.platform' to enable JTA platform integration)
2026-03-06T12:20:51.464+05:00  INFO 28148 --- [BookShelf] [main] j.LocalContainerEntityManagerFactoryBean : Initialized JPA EntityManagerFactory for persistence unit 'default'
2026-03-06T12:20:51.505+05:00  INFO 28148 --- [BookShelf] [main] o.s.d.j.r.query.QueryEnhancerFactories   : Hibernate is in classpath; If applicable, HQL parser will be used.
2026-03-06T12:20:51.990+05:00 DEBUG 28148 --- [BookShelf] [main] c.a.b.config.JwtAuthenticationFilter     : Filter 'jwtAuthenticationFilter' configured for use
2026-03-06T12:20:52.944+05:00  WARN 28148 --- [BookShelf] [main] JpaBaseConfiguration$JpaWebConfiguration : spring.jpa.open-in-view is enabled by default. Therefore, database queries may be performed during view rendering. Explicitly configure spring.jpa.open-in-view to disable this warning
2026-03-06T12:20:52.985+05:00  INFO 28148 --- [BookShelf] [main] r$InitializeUserDetailsManagerConfigurer : Global AuthenticationManager configured with UserDetailsService bean with name customUserDetailsService
2026-03-06T12:20:53.310+05:00  INFO 28148 --- [BookShelf] [main] o.s.boot.tomcat.TomcatWebServer          : Tomcat started on port 8080 (http) with context path '/'
2026-03-06T12:20:53.316+05:00  INFO 28148 --- [BookShelf] [main] c.alobek.bookshelf.BookShelfApplication  : Started BookShelfApplication in 4.48 seconds (process running for 4.824)
2026-03-06T12:20:53.317+05:00  WARN 28148 --- [BookShelf] [main] o.s.core.events.SpringDocAppInitializer  : SpringDoc /v3/api-docs endpoint is enabled by default. To disable it in production, set the property 'springdoc.api-docs.enabled=false'
2026-03-06T12:20:53.317+05:00  WARN 28148 --- [BookShelf] [main] o.s.core.events.SpringDocAppInitializer  : SpringDoc /swagger-ui.html endpoint is enabled by default. To disable it in production, set the property 'springdoc.swagger-ui.enabled=false'
2026-03-06T12:21:57.426+05:00  INFO 28148 --- [BookShelf] [http-nio-8080-exec-1] o.a.c.c.C.[Tomcat].[localhost].[/]       : Initializing Spring DispatcherServlet 'dispatcherServlet'
2026-03-06T12:21:57.426+05:00  INFO 28148 --- [BookShelf] [http-nio-8080-exec-1] o.s.web.servlet.DispatcherServlet        : Initializing Servlet 'dispatcherServlet'
2026-03-06T12:21:57.428+05:00  INFO 28148 --- [BookShelf] [http-nio-8080-exec-1] o.s.web.servlet.DispatcherServlet        : Completed initialization in 2 ms
2026-03-06T12:21:57.974+05:00  INFO 28148 --- [BookShelf] [http-nio-8080-exec-9] o.springdoc.api.AbstractOpenApiResource  : Init duration for springdoc-openapi is: 290 ms
2026-03-06T12:22:20.183+05:00  INFO 28148 --- [BookShelf] [http-nio-8080-exec-10] c.a.bookshelf.controller.AuthController  : Login: outcom92@gmail.com
2026-03-06T12:22:20.246+05:00  WARN 28148 --- [BookShelf] [http-nio-8080-exec-10] c.alobek.bookshelf.service.AuthService   : Username or password wrong: outcom92@gmail.com
2026-03-06T12:22:35.893+05:00  INFO 28148 --- [BookShelf] [http-nio-8080-exec-1] c.a.bookshelf.controller.AuthController  : Login: outcom92@gmail.com
2026-03-06T12:22:35.895+05:00  WARN 28148 --- [BookShelf] [http-nio-8080-exec-1] c.alobek.bookshelf.service.AuthService   : Username or password wrong: outcom92@gmail.com
2026-03-06T12:23:50.612+05:00  INFO 28148 --- [BookShelf] [http-nio-8080-exec-4] c.a.bookshelf.controller.AuthController  : Login: alobekshojanov@gmail.com
2026-03-06T12:23:57.624+05:00  INFO 28148 --- [BookShelf] [SpringApplicationShutdownHook] o.s.boot.tomcat.GracefulShutdown         : Commencing graceful shutdown. Waiting for active requests to complete
2026-03-06T12:23:57.627+05:00  INFO 28148 --- [BookShelf] [tomcat-shutdown] o.s.boot.tomcat.GracefulShutdown         : Graceful shutdown complete
2026-03-06T12:23:57.631+05:00  INFO 28148 --- [BookShelf] [SpringApplicationShutdownHook] j.LocalContainerEntityManagerFactoryBean : Closing JPA EntityManagerFactory for persistence unit 'default'
2026-03-06T12:23:57.633+05:00  INFO 28148 --- [BookShelf] [SpringApplicationShutdownHook] com.zaxxer.hikari.HikariDataSource       : HikariPool-1 - Shutdown initiated...
2026-03-06T12:23:57.634+05:00  INFO 28148 --- [BookShelf] [SpringApplicationShutdownHook] com.zaxxer.hikari.HikariDataSource       : HikariPool-1 - Shutdown completed.
